<?xml version="1.0" encoding="UTF-8"?>
<testsuite xmlns:xsi="http://www.w3.org/2001/XMLSchema-instance" xsi:noNamespaceSchemaLocation="https://maven.apache.org/surefire/maven-surefire-plugin/xsd/surefire-test-report-3.0.xsd" version="3.0" name="io.helidon.examples.quickstart.mp.MainTest" time="9.456" tests="5" errors="0" skipped="0" failures="0">
  <properties>
[...]
</properties>
  <testcase name="testGreetings" classname="io.helidon.examples.quickstart.mp.MainTest" time="1.187">
    <system-out><![CDATA[2023.01.06 01:52:20 INFORMACIÓN io.helidon.common.LogConfig Thread[main,5,main]: Logging at initialization configured using /home/rockerzega/Documentos/hel/helidon-quickstart-mp/target/classes/logging.properties
2023.01.06 01:52:21 INFORMACIÓN io.helidon.microprofile.server.ServerCdiExtension Thread[main,5,main]: Registering JAX-RS Application: HelidonMP
2023.01.06 01:52:23 INFORMACIÓN io.helidon.webserver.NettyWebServer Thread[nioEventLoopGroup-2-1,10,main]: Channel '@default' started: [id: 0xc57324e5, L:/[0:0:0:0:0:0:0:0]:35811]
2023.01.06 01:52:23 INFORMACIÓN io.helidon.microprofile.server.ServerCdiExtension Thread[main,5,main]: Server started on http://localhost:35811 (and all other host addresses) in 9141 milliseconds (since JVM startup).
2023.01.06 01:52:24 INFORMACIÓN io.helidon.common.HelidonFeatures Thread[features-thread,5,main]: Helidon MP 3.1.0 features: [CDI, Config, Health, JAX-RS, Metrics, Open API, Server]
]]></system-out>
    <system-err><![CDATA[SLF4J: Failed to load class "org.slf4j.impl.StaticLoggerBinder".
SLF4J: Defaulting to no-operation (NOP) logger implementation
SLF4J: See http://www.slf4j.org/codes.html#StaticLoggerBinder for further details.
]]></system-err>
  </testcase>
  <testcase name="testGreet" classname="io.helidon.examples.quickstart.mp.MainTest" time="0.046"/>
  <testcase name="testMetrics" classname="io.helidon.examples.quickstart.mp.MainTest" time="0.087"/>
  <testcase name="testHealth" classname="io.helidon.examples.quickstart.mp.MainTest" time="0.07"/>
  <testcase name="testMicroprofileMetrics" classname="io.helidon.examples.quickstart.mp.MainTest" time="0.071"/>
</testsuite>